<?xml version="1.0" encoding="UTF-8"?>
<testng-results ignored="0" total="12" passed="12" failed="0" skipped="0">
  <reporter-output>
  </reporter-output>
  <suite started-at="2019-07-11T18:42:24Z" name="FREE CRM Application Test Automation Test Suite" finished-at="2019-07-11T18:48:05Z" duration-ms="340707">
    <groups>
    </groups>
    <test started-at="2019-07-11T18:42:24Z" name="Free CRM App Test Cases" finished-at="2019-07-11T18:48:05Z" duration-ms="340707">
      <class name="com.crm.qa.testcases.HomePageTest">
        <test-method is-config="true" signature="setUp()[pri:0, instance:com.crm.qa.testcases.HomePageTest@197d671]" started-at="2019-07-11T18:42:40Z" name="setUp" finished-at="2019-07-11T18:43:01Z" duration-ms="20314" status="PASS">
          <reporter-output>
          </reporter-output>
        </test-method> <!-- setUp -->
        <test-method signature="verifyHomePageTitleTest()[pri:1, instance:com.crm.qa.testcases.HomePageTest@197d671]" started-at="2019-07-11T18:43:01Z" name="verifyHomePageTitleTest" finished-at="2019-07-11T18:43:01Z" duration-ms="13" status="PASS">
          <reporter-output>
          </reporter-output>
        </test-method> <!-- verifyHomePageTitleTest -->
        <test-method is-config="true" signature="tearDown()[pri:0, instance:com.crm.qa.testcases.HomePageTest@197d671]" started-at="2019-07-11T18:43:01Z" name="tearDown" finished-at="2019-07-11T18:43:02Z" duration-ms="744" status="PASS">
          <reporter-output>
          </reporter-output>
        </test-method> <!-- tearDown -->
        <test-method is-config="true" signature="setUp()[pri:0, instance:com.crm.qa.testcases.HomePageTest@197d671]" started-at="2019-07-11T18:43:47Z" name="setUp" finished-at="2019-07-11T18:44:13Z" duration-ms="25977" status="PASS">
          <reporter-output>
          </reporter-output>
        </test-method> <!-- setUp -->
        <test-method signature="verifyUserNameTest()[pri:2, instance:com.crm.qa.testcases.HomePageTest@197d671]" started-at="2019-07-11T18:44:13Z" name="verifyUserNameTest" finished-at="2019-07-11T18:44:13Z" duration-ms="278" status="PASS">
          <reporter-output>
          </reporter-output>
        </test-method> <!-- verifyUserNameTest -->
        <test-method is-config="true" signature="tearDown()[pri:0, instance:com.crm.qa.testcases.HomePageTest@197d671]" started-at="2019-07-11T18:44:13Z" name="tearDown" finished-at="2019-07-11T18:44:14Z" duration-ms="884" status="PASS">
          <reporter-output>
          </reporter-output>
        </test-method> <!-- tearDown -->
        <test-method is-config="true" signature="setUp()[pri:0, instance:com.crm.qa.testcases.HomePageTest@197d671]" started-at="2019-07-11T18:45:15Z" name="setUp" finished-at="2019-07-11T18:45:41Z" duration-ms="25564" status="PASS">
          <reporter-output>
          </reporter-output>
        </test-method> <!-- setUp -->
        <test-method signature="clickOnContactsListTest()[pri:3, instance:com.crm.qa.testcases.HomePageTest@197d671]" started-at="2019-07-11T18:45:41Z" name="clickOnContactsListTest" finished-at="2019-07-11T18:45:44Z" duration-ms="3861" status="PASS">
          <reporter-output>
          </reporter-output>
        </test-method> <!-- clickOnContactsListTest -->
        <test-method is-config="true" signature="tearDown()[pri:0, instance:com.crm.qa.testcases.HomePageTest@197d671]" started-at="2019-07-11T18:45:44Z" name="tearDown" finished-at="2019-07-11T18:45:45Z" duration-ms="879" status="PASS">
          <reporter-output>
          </reporter-output>
        </test-method> <!-- tearDown -->
      </class> <!-- com.crm.qa.testcases.HomePageTest -->
      <class name="com.crm.qa.testcases.ContactsPageTest">
        <test-method is-config="true" signature="setUp()[pri:0, instance:com.crm.qa.testcases.ContactsPageTest@402e37bc]" started-at="2019-07-11T18:43:02Z" name="setUp" finished-at="2019-07-11T18:43:27Z" duration-ms="25467" status="PASS">
          <reporter-output>
          </reporter-output>
        </test-method> <!-- setUp -->
        <test-method signature="verifyContactsPageLabel()[pri:1, instance:com.crm.qa.testcases.ContactsPageTest@402e37bc]" started-at="2019-07-11T18:43:27Z" name="verifyContactsPageLabel" finished-at="2019-07-11T18:43:27Z" duration-ms="83" status="PASS">
          <reporter-output>
          </reporter-output>
        </test-method> <!-- verifyContactsPageLabel -->
        <test-method is-config="true" signature="tearDown()[pri:0, instance:com.crm.qa.testcases.ContactsPageTest@402e37bc]" started-at="2019-07-11T18:43:27Z" name="tearDown" finished-at="2019-07-11T18:43:27Z" duration-ms="0" status="PASS">
          <reporter-output>
          </reporter-output>
        </test-method> <!-- tearDown -->
        <test-method is-config="true" signature="setUp()[pri:0, instance:com.crm.qa.testcases.ContactsPageTest@402e37bc]" started-at="2019-07-11T18:44:14Z" name="setUp" finished-at="2019-07-11T18:44:44Z" duration-ms="30011" status="PASS">
          <reporter-output>
          </reporter-output>
        </test-method> <!-- setUp -->
        <test-method signature="selectSingleContactsTest()[pri:2, instance:com.crm.qa.testcases.ContactsPageTest@402e37bc]" started-at="2019-07-11T18:44:44Z" name="selectSingleContactsTest" finished-at="2019-07-11T18:44:44Z" duration-ms="471" status="PASS">
          <reporter-output>
          </reporter-output>
        </test-method> <!-- selectSingleContactsTest -->
        <test-method is-config="true" signature="tearDown()[pri:0, instance:com.crm.qa.testcases.ContactsPageTest@402e37bc]" started-at="2019-07-11T18:44:44Z" name="tearDown" finished-at="2019-07-11T18:44:44Z" duration-ms="0" status="PASS">
          <reporter-output>
          </reporter-output>
        </test-method> <!-- tearDown -->
        <test-method is-config="true" signature="setUp()[pri:0, instance:com.crm.qa.testcases.ContactsPageTest@402e37bc]" started-at="2019-07-11T18:45:45Z" name="setUp" finished-at="2019-07-11T18:46:16Z" duration-ms="30399" status="PASS">
          <reporter-output>
          </reporter-output>
        </test-method> <!-- setUp -->
        <test-method signature="selectMultipleContactsTest()[pri:3, instance:com.crm.qa.testcases.ContactsPageTest@402e37bc]" started-at="2019-07-11T18:46:16Z" name="selectMultipleContactsTest" finished-at="2019-07-11T18:46:16Z" duration-ms="599" status="PASS">
          <reporter-output>
          </reporter-output>
        </test-method> <!-- selectMultipleContactsTest -->
        <test-method is-config="true" signature="tearDown()[pri:0, instance:com.crm.qa.testcases.ContactsPageTest@402e37bc]" started-at="2019-07-11T18:46:16Z" name="tearDown" finished-at="2019-07-11T18:46:16Z" duration-ms="1" status="PASS">
          <reporter-output>
          </reporter-output>
        </test-method> <!-- tearDown -->
        <test-method is-config="true" signature="setUp()[pri:0, instance:com.crm.qa.testcases.ContactsPageTest@402e37bc]" started-at="2019-07-11T18:46:18Z" name="setUp" finished-at="2019-07-11T18:46:45Z" duration-ms="27024" status="PASS">
          <reporter-output>
          </reporter-output>
        </test-method> <!-- setUp -->
        <test-method signature="validateCreateNewContact(java.lang.String, java.lang.String, java.lang.String, java.lang.String)[pri:4, instance:com.crm.qa.testcases.ContactsPageTest@402e37bc]" started-at="2019-07-11T18:46:45Z" name="validateCreateNewContact" data-provider="getCRMTestData" finished-at="2019-07-11T18:46:55Z" duration-ms="9852" status="PASS">
          <params>
            <param index="0">
              <value>
                <![CDATA[Mr.]]>
              </value>
            </param>
            <param index="1">
              <value>
                <![CDATA[bhimskr]]>
              </value>
            </param>
            <param index="2">
              <value>
                <![CDATA[pk]]>
              </value>
            </param>
            <param index="3">
              <value>
                <![CDATA[capgemini]]>
              </value>
            </param>
          </params>
          <reporter-output>
          </reporter-output>
        </test-method> <!-- validateCreateNewContact -->
        <test-method is-config="true" signature="tearDown()[pri:0, instance:com.crm.qa.testcases.ContactsPageTest@402e37bc]" started-at="2019-07-11T18:46:55Z" name="tearDown" finished-at="2019-07-11T18:46:55Z" duration-ms="1" status="PASS">
          <reporter-output>
          </reporter-output>
        </test-method> <!-- tearDown -->
        <test-method is-config="true" signature="setUp()[pri:0, instance:com.crm.qa.testcases.ContactsPageTest@402e37bc]" started-at="2019-07-11T18:46:55Z" name="setUp" finished-at="2019-07-11T18:47:22Z" duration-ms="26939" status="PASS">
          <reporter-output>
          </reporter-output>
        </test-method> <!-- setUp -->
        <test-method signature="validateCreateNewContact(java.lang.String, java.lang.String, java.lang.String, java.lang.String)[pri:4, instance:com.crm.qa.testcases.ContactsPageTest@402e37bc]" started-at="2019-07-11T18:47:22Z" name="validateCreateNewContact" data-provider="getCRMTestData" finished-at="2019-07-11T18:47:30Z" duration-ms="7951" status="PASS">
          <params>
            <param index="0">
              <value>
                <![CDATA[Dr.]]>
              </value>
            </param>
            <param index="1">
              <value>
                <![CDATA[papu]]>
              </value>
            </param>
            <param index="2">
              <value>
                <![CDATA[sharanu]]>
              </value>
            </param>
            <param index="3">
              <value>
                <![CDATA[st convent]]>
              </value>
            </param>
          </params>
          <reporter-output>
          </reporter-output>
        </test-method> <!-- validateCreateNewContact -->
        <test-method is-config="true" signature="tearDown()[pri:0, instance:com.crm.qa.testcases.ContactsPageTest@402e37bc]" started-at="2019-07-11T18:47:30Z" name="tearDown" finished-at="2019-07-11T18:47:30Z" duration-ms="1" status="PASS">
          <reporter-output>
          </reporter-output>
        </test-method> <!-- tearDown -->
        <test-method is-config="true" signature="setUp()[pri:0, instance:com.crm.qa.testcases.ContactsPageTest@402e37bc]" started-at="2019-07-11T18:47:30Z" name="setUp" finished-at="2019-07-11T18:47:56Z" duration-ms="26491" status="PASS">
          <reporter-output>
          </reporter-output>
        </test-method> <!-- setUp -->
        <test-method signature="validateCreateNewContact(java.lang.String, java.lang.String, java.lang.String, java.lang.String)[pri:4, instance:com.crm.qa.testcases.ContactsPageTest@402e37bc]" started-at="2019-07-11T18:47:56Z" name="validateCreateNewContact" data-provider="getCRMTestData" finished-at="2019-07-11T18:48:05Z" duration-ms="8721" status="PASS">
          <params>
            <param index="0">
              <value>
                <![CDATA[Mrs.]]>
              </value>
            </param>
            <param index="1">
              <value>
                <![CDATA[aaditya]]>
              </value>
            </param>
            <param index="2">
              <value>
                <![CDATA[pk]]>
              </value>
            </param>
            <param index="3">
              <value>
                <![CDATA[mane]]>
              </value>
            </param>
          </params>
          <reporter-output>
          </reporter-output>
        </test-method> <!-- validateCreateNewContact -->
        <test-method is-config="true" signature="tearDown()[pri:0, instance:com.crm.qa.testcases.ContactsPageTest@402e37bc]" started-at="2019-07-11T18:48:05Z" name="tearDown" finished-at="2019-07-11T18:48:05Z" duration-ms="0" status="PASS">
          <reporter-output>
          </reporter-output>
        </test-method> <!-- tearDown -->
      </class> <!-- com.crm.qa.testcases.ContactsPageTest -->
      <class name="com.crm.qa.testcases.LoginPageTest">
        <test-method is-config="true" signature="setUp()[pri:0, instance:com.crm.qa.testcases.LoginPageTest@27c86f2d]" started-at="2019-07-11T18:42:24Z" name="setUp" finished-at="2019-07-11T18:42:40Z" duration-ms="15035" status="PASS">
          <reporter-output>
          </reporter-output>
        </test-method> <!-- setUp -->
        <test-method signature="LoginPageTitleTest()[pri:1, instance:com.crm.qa.testcases.LoginPageTest@27c86f2d]" started-at="2019-07-11T18:42:40Z" name="LoginPageTitleTest" finished-at="2019-07-11T18:42:40Z" duration-ms="99" status="PASS">
          <reporter-output>
          </reporter-output>
        </test-method> <!-- LoginPageTitleTest -->
        <test-method is-config="true" signature="tearDown()[pri:0, instance:com.crm.qa.testcases.LoginPageTest@27c86f2d]" started-at="2019-07-11T18:42:40Z" name="tearDown" finished-at="2019-07-11T18:42:40Z" duration-ms="818" status="PASS">
          <reporter-output>
          </reporter-output>
        </test-method> <!-- tearDown -->
        <test-method is-config="true" signature="setUp()[pri:0, instance:com.crm.qa.testcases.LoginPageTest@27c86f2d]" started-at="2019-07-11T18:43:27Z" name="setUp" finished-at="2019-07-11T18:43:46Z" duration-ms="18485" status="PASS">
          <reporter-output>
          </reporter-output>
        </test-method> <!-- setUp -->
        <test-method signature="crmLogoImageTest()[pri:2, instance:com.crm.qa.testcases.LoginPageTest@27c86f2d]" started-at="2019-07-11T18:43:46Z" name="crmLogoImageTest" finished-at="2019-07-11T18:43:46Z" duration-ms="180" status="PASS">
          <reporter-output>
          </reporter-output>
        </test-method> <!-- crmLogoImageTest -->
        <test-method is-config="true" signature="tearDown()[pri:0, instance:com.crm.qa.testcases.LoginPageTest@27c86f2d]" started-at="2019-07-11T18:43:46Z" name="tearDown" finished-at="2019-07-11T18:43:47Z" duration-ms="915" status="PASS">
          <reporter-output>
          </reporter-output>
        </test-method> <!-- tearDown -->
        <test-method is-config="true" signature="setUp()[pri:0, instance:com.crm.qa.testcases.LoginPageTest@27c86f2d]" started-at="2019-07-11T18:44:44Z" name="setUp" finished-at="2019-07-11T18:45:02Z" duration-ms="17668" status="PASS">
          <reporter-output>
          </reporter-output>
        </test-method> <!-- setUp -->
        <test-method signature="loginTest()[pri:3, instance:com.crm.qa.testcases.LoginPageTest@27c86f2d]" started-at="2019-07-11T18:45:02Z" name="loginTest" finished-at="2019-07-11T18:45:14Z" duration-ms="12057" status="PASS">
          <reporter-output>
          </reporter-output>
        </test-method> <!-- loginTest -->
        <test-method is-config="true" signature="tearDown()[pri:0, instance:com.crm.qa.testcases.LoginPageTest@27c86f2d]" started-at="2019-07-11T18:45:14Z" name="tearDown" finished-at="2019-07-11T18:45:15Z" duration-ms="965" status="PASS">
          <reporter-output>
          </reporter-output>
        </test-method> <!-- tearDown -->
      </class> <!-- com.crm.qa.testcases.LoginPageTest -->
    </test> <!-- Free CRM App Test Cases -->
  </suite> <!-- FREE CRM Application Test Automation Test Suite -->
</testng-results>
